#
# A fatal error has been detected by the Java Runtime Environment:
#
#  SIGSEGV (0xb) at pc=0x000000011010df84, pid=1837, tid=5891
#
# JRE version: Java(TM) SE Runtime Environment (14.0.1+7) (build 14.0.1+7)
# Java VM: Java HotSpot(TM) 64-Bit Server VM (14.0.1+7, mixed mode, sharing, tiered, compressed oops, g1 gc, bsd-amd64)
# Problematic frame:
# V  [libjvm.dylib+0x70df84]  EnableIf<HasDecorator<1097844ull, MO_UNORDERED>::value, oopDesc*>::type RawAccessBarrier<1097844ull>::load_internal<1097844ull, oopDesc*>(void*)+0x4
#
# No core dump will be written. Core dumps have been disabled. To enable core dumping, try "ulimit -c unlimited" before starting Java again
#
# If you would like to submit a bug report, please visit:
#   https://bugreport.java.com/bugreport/crash.jsp
#

---------------  S U M M A R Y ------------

Command Line: -Dfile.encoding=UTF-8 -XX:+ShowCodeDetailsInExceptionMessages org.apache.catalina.startup.Tomcat$1

Host: MacBookAir9,1 x86_64 1100 MHz, 4 cores, 8G, Darwin 19.6.0
Time: Tue Apr 13 00:48:01 2021 JST elapsed time: 0 seconds (0d 0h 0m 0s)

---------------  T H R E A D  ---------------

Current thread (0x00007f94f101d800):  JavaThread "main" [_thread_in_vm, id=5891, stack(0x000070000e513000,0x000070000e613000)]

Stack: [0x000070000e513000,0x000070000e613000],  sp=0x000070000e612dc0,  free space=1023k
Native frames: (J=compiled Java code, A=aot compiled Java code, j=interpreted, Vv=VM code, C=native code)
V  [libjvm.dylib+0x70df84]  EnableIf<HasDecorator<1097844ull, MO_UNORDERED>::value, oopDesc*>::type RawAccessBarrier<1097844ull>::load_internal<1097844ull, oopDesc*>(void*)+0x4
V  [libjvm.dylib+0x70df49]  oopDesc* RawAccessBarrier<1097844ull>::oop_load<oopDesc*>(void*)+0x9
V  [libjvm.dylib+0x70dfbb]  oopDesc* G1BarrierSet::AccessBarrier<1097844ull, G1BarrierSet>::oop_load_not_in_heap<oopDesc*>(oopDesc**)+0xb
V  [libjvm.dylib+0x39900f]  jni_GetStringUTFChars+0xce
C  [libjli.dylib+0x709c]  PostJVMInit+0xad
C  [libjli.dylib+0x49dd]  JavaMain+0xa4f
C  [libjli.dylib+0x6d4a]  ThreadJavaMain+0x9
C  [libsystem_pthread.dylib+0x6109]  _pthread_start+0x94
C  [libsystem_pthread.dylib+0x1b8b]  thread_start+0xf


siginfo: si_signo: 11 (SIGSEGV), si_code: 1 (SEGV_MAPERR), si_addr: 0x0000000000000000

Register to memory mapping:

RAX=0x0 is NULL
RBX=0x00007f94f101db10 points into unknown readable memory: 60 1c 30 10 01 00 00 00
RCX=0x0000000110301c60: jni_NativeInterface+0 in /Library/Java/JavaVirtualMachines/jdk-14.0.1.jdk/Contents/Home/lib/server/libjvm.dylib at 0x000000010fa00000
RDX=0x0 is NULL
RSP=0x000070000e612dc0 is pointing into the stack for thread: 0x00007f94f101d800
RBP=0x000070000e612dc0 is pointing into the stack for thread: 0x00007f94f101d800
RSI=0x0 is NULL
RDI=0x0 is NULL
R8 ={method} {0x0000000800331270} 'getCanonicalName' '()Ljava/lang/String;' in 'java/lang/Class'
R9 =0x00007f94ef50dfb0 points into unknown readable memory: 70 12 33 00 08 00 00 00
R10=0x00000001103797d0: _ZN19TemplateInterpreter13_active_tableE+0x4800 in /Library/Java/JavaVirtualMachines/jdk-14.0.1.jdk/Contents/Home/lib/server/libjvm.dylib at 0x000000010fa00000
R11=0x00000008009ea900 is pointing into metadata
R12=0x00007f94f101d800 is a thread
R13=0x0 is NULL
R14=0x0 is NULL
R15=0x0 is NULL


Registers:
RAX=0x0000000000000000, RBX=0x00007f94f101db10, RCX=0x0000000110301c60, RDX=0x0000000000000000
RSP=0x000070000e612dc0, RBP=0x000070000e612dc0, RSI=0x0000000000000000, RDI=0x0000000000000000
R8 =0x0000000800331270, R9 =0x00007f94ef50dfb0, R10=0x00000001103797d0, R11=0x00000008009ea900
R12=0x00007f94f101d800, R13=0x0000000000000000, R14=0x0000000000000000, R15=0x0000000000000000
RIP=0x000000011010df84, EFLAGS=0x0000000000010246, ERR=0x0000000000000004
  TRAPNO=0x000000000000000e

Top of Stack: (sp=0x000070000e612dc0)
0x000070000e612dc0:   000070000e612dd0 000000011010df49
0x000070000e612dd0:   000070000e612df0 000000011010dfbb
0x000070000e612de0:   0000000000000000 00007f94f101db10
0x000070000e612df0:   000070000e612e80 000000010fd9900f
0x000070000e612e00:   0000000000000000 00007f94f101db10
0x000070000e612e10:   000000010f0d8ba2 00007f940000000c
0x000070000e612e20:   212264d2b2380015 00007f94f101db10
0x000070000e612e30:   00007f94f101d800 0000000000000000
0x000070000e612e40:   00007f94f101db10 00007f94f101d800
0x000070000e612e50:   000070000e612e80 00007f94f101db10
0x000070000e612e60:   00007f94ef7069c0 0000000000000000
0x000070000e612e70:   0000000000000000 00007f94ef7069c8
0x000070000e612e80:   000070000e612f10 000000010f0d509c
0x000070000e612e90:   00007f94f101db10 00007f94f101d800
0x000070000e612ea0:   000070000e612ed0 000000010fd85acb
0x000070000e612eb0:   212264d2b2380015 00007f94f101db10
0x000070000e612ec0:   00007f94ef7069c0 0000000000000000
0x000070000e612ed0:   00007f94f101db10 00007f94f101d800
0x000070000e612ee0:   000070000e612f10 212264d2b2380015
0x000070000e612ef0:   00007f94f101db10 00007f94ef7069c0
0x000070000e612f00:   00007f94ef7069d8 00007f94ef7069c8
0x000070000e612f10:   000070000e612fa0 000000010f0d29dd
0x000070000e612f20:   0000000000000000 00000178c6cebe9a
0x000070000e612f30:   0000000500010002 00007f94ef404d60
0x000070000e612f40:   0000000000000000 0000000000000000
0x000070000e612f50:   00007f94ef4046a0 0000000000000001
0x000070000e612f60:   00007f94ef404460 00007f94f101db10
0x000070000e612f70:   0000000110301c58 000070000e613000
0x000070000e612f80:   0000000000000000 0000000000000000
0x000070000e612f90:   0000000000000000 0000000000000000
0x000070000e612fa0:   000070000e612fb0 000000010f0d4d4a
0x000070000e612fb0:   000070000e612fd0 00007fff6b1f6109 

Instructions: (pc=0x000000011010df84)
0x000000011010de84:   00 be e8 00 00 00 31 c0 e8 3e 47 b0 ff e8 3c b4
0x000000011010de94:   ed ff 31 c0 5d c3 66 0f 1f 44 00 00 55 48 89 e5
0x000000011010dea4:   e8 87 f8 ff ff 48 89 c7 e8 8f f8 ff ff ff c8 83
0x000000011010deb4:   f8 04 73 0f 48 98 48 8d 0d af 6e 1e 00 48 8b 04
0x000000011010dec4:   c1 5d c3 48 8d 3d ed 3a 08 00 48 8d 15 16 3b 08
0x000000011010ded4:   00 be e8 00 00 00 31 c0 e8 ee 46 b0 ff e8 ec b3
0x000000011010dee4:   ed ff 31 c0 5d c3 66 0f 1f 44 00 00 55 48 89 e5
0x000000011010def4:   5d e9 36 00 00 00 66 0f 1f 44 00 00 55 48 89 e5
0x000000011010df04:   5d e9 96 00 00 00 66 0f 1f 44 00 00 55 48 89 e5
0x000000011010df14:   5d e9 96 00 00 00 66 0f 1f 44 00 00 55 48 89 e5
0x000000011010df24:   5d e9 c6 00 00 00 66 0f 1f 44 00 00 55 48 89 e5
0x000000011010df34:   5d e9 06 00 00 00 66 0f 1f 44 00 00 55 48 89 e5
0x000000011010df44:   e8 17 00 00 00 48 89 c7 5d e9 1e 00 00 00 66 66
0x000000011010df54:   66 66 66 2e 0f 1f 84 00 00 00 00 00 55 48 89 e5
0x000000011010df64:   5d e9 16 00 00 00 66 0f 1f 44 00 00 55 48 89 e5
0x000000011010df74:   5d e9 16 00 00 00 66 0f 1f 44 00 00 55 48 89 e5
0x000000011010df84:   48 8b 07 5d c3 0f 1f 80 00 00 00 00 55 48 89 e5
0x000000011010df94:   48 89 f8 5d c3 0f 1f 80 00 00 00 00 55 48 89 e5
0x000000011010dfa4:   5d e9 96 ff ff ff 66 0f 1f 44 00 00 55 48 89 e5
0x000000011010dfb4:   53 50 e8 25 00 00 00 48 89 c3 bf 74 c0 10 00 48
0x000000011010dfc4:   89 de e8 95 f8 ff ff 48 89 d8 48 83 c4 08 5b 5d
0x000000011010dfd4:   c3 66 66 2e 0f 1f 84 00 00 00 00 00 55 48 89 e5
0x000000011010dfe4:   5d e9 56 ff ff ff 66 0f 1f 44 00 00 55 48 89 e5
0x000000011010dff4:   53 50 48 89 fb e8 22 00 00 00 48 89 df e8 2a 00
0x000000011010e004:   00 00 48 89 df 48 89 c6 48 83 c4 08 5b 5d e9 29
0x000000011010e014:   00 00 00 66 0f 1f 84 00 00 00 00 00 55 48 89 e5
0x000000011010e024:   5d c3 66 2e 0f 1f 84 00 00 00 00 00 55 48 89 e5
0x000000011010e034:   5d e9 06 ff ff ff 66 0f 1f 44 00 00 55 48 89 e5
0x000000011010e044:   41 56 53 49 89 f6 48 89 fb e8 ce ff ff ff 48 89
0x000000011010e054:   df 4c 89 f6 5b 41 5e 5d e9 4f f9 ff ff 66 66 66
0x000000011010e064:   66 66 66 2e 0f 1f 84 00 00 00 00 00 55 48 89 e5
0x000000011010e074:   5d e9 36 00 00 00 66 0f 1f 44 00 00 55 48 89 e5 


Stack slot to memory mapping:
stack at sp + 0 slots: 0x000070000e612dd0 is pointing into the stack for thread: 0x00007f94f101d800
stack at sp + 1 slots: 0x000000011010df49: _ZN16RawAccessBarrierILy1097844EE8oop_loadIP7oopDescEET_Pv+0x9 in /Library/Java/JavaVirtualMachines/jdk-14.0.1.jdk/Contents/Home/lib/server/libjvm.dylib at 0x000000010fa00000
stack at sp + 2 slots: 0x000070000e612df0 is pointing into the stack for thread: 0x00007f94f101d800
stack at sp + 3 slots: 0x000000011010dfbb: _ZN12G1BarrierSet13AccessBarrierILy1097844ES_E20oop_load_not_in_heapIP7oopDescEES4_PT_+0xb in /Library/Java/JavaVirtualMachines/jdk-14.0.1.jdk/Contents/Home/lib/server/libjvm.dylib at 0x000000010fa00000
stack at sp + 4 slots: 0x0 is NULL
stack at sp + 5 slots: 0x00007f94f101db10 points into unknown readable memory: 60 1c 30 10 01 00 00 00
stack at sp + 6 slots: 0x000070000e612e80 is pointing into the stack for thread: 0x00007f94f101d800
stack at sp + 7 slots: 0x000000010fd9900f: jni_GetStringUTFChars+0xce in /Library/Java/JavaVirtualMachines/jdk-14.0.1.jdk/Contents/Home/lib/server/libjvm.dylib at 0x000000010fa00000


---------------  P R O C E S S  ---------------

Threads class SMR info:
_java_thread_list=0x00007f94ef4175f0, length=10, elements={
0x00007f94f101d800, 0x00007f94f086d000, 0x00007f94f0870000, 0x00007f94f086f000,
0x00007f94f0874000, 0x00007f94f0875000, 0x00007f94f104a800, 0x00007f94f10b2000,
0x00007f94ef830000, 0x00007f94f1115000
}

Java Threads: ( => current thread )
=>0x00007f94f101d800 JavaThread "main" [_thread_in_vm, id=5891, stack(0x000070000e513000,0x000070000e613000)]
  0x00007f94f086d000 JavaThread "Reference Handler" daemon [_thread_blocked, id=14595, stack(0x000070000ec28000,0x000070000ed28000)]
  0x00007f94f0870000 JavaThread "Finalizer" daemon [_thread_blocked, id=17667, stack(0x000070000ed2b000,0x000070000ee2b000)]
  0x00007f94f086f000 JavaThread "Signal Dispatcher" daemon [_thread_blocked, id=43267, stack(0x000070000ef34000,0x000070000f034000)]
  0x00007f94f0874000 JavaThread "Service Thread" daemon [_thread_blocked, id=42755, stack(0x000070000f037000,0x000070000f137000)]
  0x00007f94f0875000 JavaThread "C2 CompilerThread0" daemon [_thread_blocked, id=42243, stack(0x000070000f13a000,0x000070000f23a000)]
  0x00007f94f104a800 JavaThread "C1 CompilerThread0" daemon [_thread_blocked, id=23043, stack(0x000070000f23d000,0x000070000f33d000)]
  0x00007f94f10b2000 JavaThread "Sweeper thread" daemon [_thread_blocked, id=41731, stack(0x000070000f340000,0x000070000f440000)]
  0x00007f94ef830000 JavaThread "Notification Thread" daemon [_thread_blocked, id=41219, stack(0x000070000f443000,0x000070000f543000)]
  0x00007f94f1115000 JavaThread "Common-Cleaner" daemon [_thread_blocked, id=40451, stack(0x000070000f649000,0x000070000f749000)]

Other Threads:
  0x00007f94f1046000 VMThread "VM Thread" [stack: 0x000070000eb25000,0x000070000ec25000] [id=14083]
  0x00007f94f1049000 WatcherThread [stack: 0x000070000f546000,0x000070000f646000] [id=24323]
  0x00007f94f1036000 GCTaskThread "GC Thread#0" [stack: 0x000070000e616000,0x000070000e716000] [id=20227]
  0x00007f94ef81e800 ConcurrentGCThread "G1 Main Marker" [stack: 0x000070000e719000,0x000070000e819000] [id=19715]
  0x00007f94f1037800 ConcurrentGCThread "G1 Conc#0" [stack: 0x000070000e81c000,0x000070000e91c000] [id=19203]
  0x00007f94f0852800 ConcurrentGCThread "G1 Refine#0" [stack: 0x000070000e91f000,0x000070000ea1f000] [id=18947]
  0x00007f94f0853000 ConcurrentGCThread "G1 Young RemSet Sampling" [stack: 0x000070000ea22000,0x000070000eb22000] [id=13571]

Threads with active compile tasks:

VM state:not at safepoint (normal execution)

VM Mutex/Monitor currently owned by a thread: None

Heap address: 0x0000000780000000, size: 2048 MB, Compressed Oops mode: Zero based, Oop shift amount: 3
Narrow klass base: 0x0000000800000000, Narrow klass shift: 3
Compressed class space size: 1073741824 Address: 0x0000000800b05000

Heap:
 garbage-first heap   total 133120K, used 1840K [0x0000000780000000, 0x0000000800000000)
  region size 1024K, 2 young (2048K), 0 survivors (0K)
 Metaspace       used 622K, capacity 4928K, committed 5120K, reserved 1056768K
  class space    used 44K, capacity 428K, committed 512K, reserved 1048576K
Heap Regions: E=young(eden), S=young(survivor), O=old, HS=humongous(starts), HC=humongous(continues), CS=collection set, F=free, OA=open archive, CA=closed archive, TAMS=top-at-mark-start (previous, next)
|   0|0x0000000780000000, 0x0000000780000000, 0x0000000780100000|  0%| F|  |TAMS 0x0000000780000000, 0x0000000780000000| Untracked 
|   1|0x0000000780100000, 0x0000000780100000, 0x0000000780200000|  0%| F|  |TAMS 0x0000000780100000, 0x0000000780100000| Untracked 
|   2|0x0000000780200000, 0x0000000780200000, 0x0000000780300000|  0%| F|  |TAMS 0x0000000780200000, 0x0000000780200000| Untracked 
|   3|0x0000000780300000, 0x0000000780300000, 0x0000000780400000|  0%| F|  |TAMS 0x0000000780300000, 0x0000000780300000| Untracked 
|   4|0x0000000780400000, 0x0000000780400000, 0x0000000780500000|  0%| F|  |TAMS 0x0000000780400000, 0x0000000780400000| Untracked 
|   5|0x0000000780500000, 0x0000000780500000, 0x0000000780600000|  0%| F|  |TAMS 0x0000000780500000, 0x0000000780500000| Untracked 
|   6|0x0000000780600000, 0x0000000780600000, 0x0000000780700000|  0%| F|  |TAMS 0x0000000780600000, 0x0000000780600000| Untracked 
|   7|0x0000000780700000, 0x0000000780700000, 0x0000000780800000|  0%| F|  |TAMS 0x0000000780700000, 0x0000000780700000| Untracked 
|   8|0x0000000780800000, 0x0000000780800000, 0x0000000780900000|  0%| F|  |TAMS 0x0000000780800000, 0x0000000780800000| Untracked 
|   9|0x0000000780900000, 0x0000000780900000, 0x0000000780a00000|  0%| F|  |TAMS 0x0000000780900000, 0x0000000780900000| Untracked 
|  10|0x0000000780a00000, 0x0000000780a00000, 0x0000000780b00000|  0%| F|  |TAMS 0x0000000780a00000, 0x0000000780a00000| Untracked 
|  11|0x0000000780b00000, 0x0000000780b00000, 0x0000000780c00000|  0%| F|  |TAMS 0x0000000780b00000, 0x0000000780b00000| Untracked 
|  12|0x0000000780c00000, 0x0000000780c00000, 0x0000000780d00000|  0%| F|  |TAMS 0x0000000780c00000, 0x0000000780c00000| Untracked 
|  13|0x0000000780d00000, 0x0000000780d00000, 0x0000000780e00000|  0%| F|  |TAMS 0x0000000780d00000, 0x0000000780d00000| Untracked 
|  14|0x0000000780e00000, 0x0000000780e00000, 0x0000000780f00000|  0%| F|  |TAMS 0x0000000780e00000, 0x0000000780e00000| Untracked 
|  15|0x0000000780f00000, 0x0000000780f00000, 0x0000000781000000|  0%| F|  |TAMS 0x0000000780f00000, 0x0000000780f00000| Untracked 
|  16|0x0000000781000000, 0x0000000781000000, 0x0000000781100000|  0%| F|  |TAMS 0x0000000781000000, 0x0000000781000000| Untracked 
|  17|0x0000000781100000, 0x0000000781100000, 0x0000000781200000|  0%| F|  |TAMS 0x0000000781100000, 0x0000000781100000| Untracked 
|  18|0x0000000781200000, 0x0000000781200000, 0x0000000781300000|  0%| F|  |TAMS 0x0000000781200000, 0x0000000781200000| Untracked 
|  19|0x0000000781300000, 0x0000000781300000, 0x0000000781400000|  0%| F|  |TAMS 0x0000000781300000, 0x0000000781300000| Untracked 
|  20|0x0000000781400000, 0x0000000781400000, 0x0000000781500000|  0%| F|  |TAMS 0x0000000781400000, 0x0000000781400000| Untracked 
|  21|0x0000000781500000, 0x0000000781500000, 0x0000000781600000|  0%| F|  |TAMS 0x0000000781500000, 0x0000000781500000| Untracked 
|  22|0x0000000781600000, 0x0000000781600000, 0x0000000781700000|  0%| F|  |TAMS 0x0000000781600000, 0x0000000781600000| Untracked 
|  23|0x0000000781700000, 0x0000000781700000, 0x0000000781800000|  0%| F|  |TAMS 0x0000000781700000, 0x0000000781700000| Untracked 
|  24|0x0000000781800000, 0x0000000781800000, 0x0000000781900000|  0%| F|  |TAMS 0x0000000781800000, 0x0000000781800000| Untracked 
|  25|0x0000000781900000, 0x0000000781900000, 0x0000000781a00000|  0%| F|  |TAMS 0x0000000781900000, 0x0000000781900000| Untracked 
|  26|0x0000000781a00000, 0x0000000781a00000, 0x0000000781b00000|  0%| F|  |TAMS 0x0000000781a00000, 0x0000000781a00000| Untracked 
|  27|0x0000000781b00000, 0x0000000781b00000, 0x0000000781c00000|  0%| F|  |TAMS 0x0000000781b00000, 0x0000000781b00000| Untracked 
|  28|0x0000000781c00000, 0x0000000781c00000, 0x0000000781d00000|  0%| F|  |TAMS 0x0000000781c00000, 0x0000000781c00000| Untracked 
|  29|0x0000000781d00000, 0x0000000781d00000, 0x0000000781e00000|  0%| F|  |TAMS 0x0000000781d00000, 0x0000000781d00000| Untracked 
|  30|0x0000000781e00000, 0x0000000781e00000, 0x0000000781f00000|  0%| F|  |TAMS 0x0000000781e00000, 0x0000000781e00000| Untracked 
|  31|0x0000000781f00000, 0x0000000781f00000, 0x0000000782000000|  0%| F|  |TAMS 0x0000000781f00000, 0x0000000781f00000| Untracked 
|  32|0x0000000782000000, 0x0000000782000000, 0x0000000782100000|  0%| F|  |TAMS 0x0000000782000000, 0x0000000782000000| Untracked 
|  33|0x0000000782100000, 0x0000000782100000, 0x0000000782200000|  0%| F|  |TAMS 0x0000000782100000, 0x0000000782100000| Untracked 
|  34|0x0000000782200000, 0x0000000782200000, 0x0000000782300000|  0%| F|  |TAMS 0x0000000782200000, 0x0000000782200000| Untracked 
|  35|0x0000000782300000, 0x0000000782300000, 0x0000000782400000|  0%| F|  |TAMS 0x0000000782300000, 0x0000000782300000| Untracked 
|  36|0x0000000782400000, 0x0000000782400000, 0x0000000782500000|  0%| F|  |TAMS 0x0000000782400000, 0x0000000782400000| Untracked 
|  37|0x0000000782500000, 0x0000000782500000, 0x0000000782600000|  0%| F|  |TAMS 0x0000000782500000, 0x0000000782500000| Untracked 
|  38|0x0000000782600000, 0x0000000782600000, 0x0000000782700000|  0%| F|  |TAMS 0x0000000782600000, 0x0000000782600000| Untracked 
|  39|0x0000000782700000, 0x0000000782700000, 0x0000000782800000|  0%| F|  |TAMS 0x0000000782700000, 0x0000000782700000| Untracked 
|  40|0x0000000782800000, 0x0000000782800000, 0x0000000782900000|  0%| F|  |TAMS 0x0000000782800000, 0x0000000782800000| Untracked 
|  41|0x0000000782900000, 0x0000000782900000, 0x0000000782a00000|  0%| F|  |TAMS 0x0000000782900000, 0x0000000782900000| Untracked 
|  42|0x0000000782a00000, 0x0000000782a00000, 0x0000000782b00000|  0%| F|  |TAMS 0x0000000782a00000, 0x0000000782a00000| Untracked 
|  43|0x0000000782b00000, 0x0000000782b00000, 0x0000000782c00000|  0%| F|  |TAMS 0x0000000782b00000, 0x0000000782b00000| Untracked 
|  44|0x0000000782c00000, 0x0000000782c00000, 0x0000000782d00000|  0%| F|  |TAMS 0x0000000782c00000, 0x0000000782c00000| Untracked 
|  45|0x0000000782d00000, 0x0000000782d00000, 0x0000000782e00000|  0%| F|  |TAMS 0x0000000782d00000, 0x0000000782d00000| Untracked 
|  46|0x0000000782e00000, 0x0000000782e00000, 0x0000000782f00000|  0%| F|  |TAMS 0x0000000782e00000, 0x0000000782e00000| Untracked 
|  47|0x0000000782f00000, 0x0000000782f00000, 0x0000000783000000|  0%| F|  |TAMS 0x0000000782f00000, 0x0000000782f00000| Untracked 
|  48|0x0000000783000000, 0x0000000783000000, 0x0000000783100000|  0%| F|  |TAMS 0x0000000783000000, 0x0000000783000000| Untracked 
|  49|0x0000000783100000, 0x0000000783100000, 0x0000000783200000|  0%| F|  |TAMS 0x0000000783100000, 0x0000000783100000| Untracked 
|  50|0x0000000783200000, 0x0000000783200000, 0x0000000783300000|  0%| F|  |TAMS 0x0000000783200000, 0x0000000783200000| Untracked 
|  51|0x0000000783300000, 0x0000000783300000, 0x0000000783400000|  0%| F|  |TAMS 0x0000000783300000, 0x0000000783300000| Untracked 
|  52|0x0000000783400000, 0x0000000783400000, 0x0000000783500000|  0%| F|  |TAMS 0x0000000783400000, 0x0000000783400000| Untracked 
|  53|0x0000000783500000, 0x0000000783500000, 0x0000000783600000|  0%| F|  |TAMS 0x0000000783500000, 0x0000000783500000| Untracked 
|  54|0x0000000783600000, 0x0000000783600000, 0x0000000783700000|  0%| F|  |TAMS 0x0000000783600000, 0x0000000783600000| Untracked 
|  55|0x0000000783700000, 0x0000000783700000, 0x0000000783800000|  0%| F|  |TAMS 0x0000000783700000, 0x0000000783700000| Untracked 
|  56|0x0000000783800000, 0x0000000783800000, 0x0000000783900000|  0%| F|  |TAMS 0x0000000783800000, 0x0000000783800000| Untracked 
|  57|0x0000000783900000, 0x0000000783900000, 0x0000000783a00000|  0%| F|  |TAMS 0x0000000783900000, 0x0000000783900000| Untracked 
|  58|0x0000000783a00000, 0x0000000783a00000, 0x0000000783b00000|  0%| F|  |TAMS 0x0000000783a00000, 0x0000000783a00000| Untracked 
|  59|0x0000000783b00000, 0x0000000783b00000, 0x0000000783c00000|  0%| F|  |TAMS 0x0000000783b00000, 0x0000000783b00000| Untracked 
|  60|0x0000000783c00000, 0x0000000783c00000, 0x0000000783d00000|  0%| F|  |TAMS 0x0000000783c00000, 0x0000000783c00000| Untracked 
|  61|0x0000000783d00000, 0x0000000783d00000, 0x0000000783e00000|  0%| F|  |TAMS 0x0000000783d00000, 0x0000000783d00000| Untracked 
|  62|0x0000000783e00000, 0x0000000783e00000, 0x0000000783f00000|  0%| F|  |TAMS 0x0000000783e00000, 0x0000000783e00000| Untracked 
|  63|0x0000000783f00000, 0x0000000783f00000, 0x0000000784000000|  0%| F|  |TAMS 0x0000000783f00000, 0x0000000783f00000| Untracked 
|  64|0x0000000784000000, 0x0000000784000000, 0x0000000784100000|  0%| F|  |TAMS 0x0000000784000000, 0x0000000784000000| Untracked 
|  65|0x0000000784100000, 0x0000000784100000, 0x0000000784200000|  0%| F|  |TAMS 0x0000000784100000, 0x0000000784100000| Untracked 
|  66|0x0000000784200000, 0x0000000784200000, 0x0000000784300000|  0%| F|  |TAMS 0x0000000784200000, 0x0000000784200000| Untracked 
|  67|0x0000000784300000, 0x0000000784300000, 0x0000000784400000|  0%| F|  |TAMS 0x0000000784300000, 0x0000000784300000| Untracked 
|  68|0x0000000784400000, 0x0000000784400000, 0x0000000784500000|  0%| F|  |TAMS 0x0000000784400000, 0x0000000784400000| Untracked 
|  69|0x0000000784500000, 0x0000000784500000, 0x0000000784600000|  0%| F|  |TAMS 0x0000000784500000, 0x0000000784500000| Untracked 
|  70|0x0000000784600000, 0x0000000784600000, 0x0000000784700000|  0%| F|  |TAMS 0x0000000784600000, 0x0000000784600000| Untracked 
|  71|0x0000000784700000, 0x0000000784700000, 0x0000000784800000|  0%| F|  |TAMS 0x0000000784700000, 0x0000000784700000| Untracked 
|  72|0x0000000784800000, 0x0000000784800000, 0x0000000784900000|  0%| F|  |TAMS 0x0000000784800000, 0x0000000784800000| Untracked 
|  73|0x0000000784900000, 0x0000000784900000, 0x0000000784a00000|  0%| F|  |TAMS 0x0000000784900000, 0x0000000784900000| Untracked 
|  74|0x0000000784a00000, 0x0000000784a00000, 0x0000000784b00000|  0%| F|  |TAMS 0x0000000784a00000, 0x0000000784a00000| Untracked 
|  75|0x0000000784b00000, 0x0000000784b00000, 0x0000000784c00000|  0%| F|  |TAMS 0x0000000784b00000, 0x0000000784b00000| Untracked 
|  76|0x0000000784c00000, 0x0000000784c00000, 0x0000000784d00000|  0%| F|  |TAMS 0x0000000784c00000, 0x0000000784c00000| Untracked 
|  77|0x0000000784d00000, 0x0000000784d00000, 0x0000000784e00000|  0%| F|  |TAMS 0x0000000784d00000, 0x0000000784d00000| Untracked 
|  78|0x0000000784e00000, 0x0000000784e00000, 0x0000000784f00000|  0%| F|  |TAMS 0x0000000784e00000, 0x0000000784e00000| Untracked 
|  79|0x0000000784f00000, 0x0000000784f00000, 0x0000000785000000|  0%| F|  |TAMS 0x0000000784f00000, 0x0000000784f00000| Untracked 
|  80|0x0000000785000000, 0x0000000785000000, 0x0000000785100000|  0%| F|  |TAMS 0x0000000785000000, 0x0000000785000000| Untracked 
|  81|0x0000000785100000, 0x0000000785100000, 0x0000000785200000|  0%| F|  |TAMS 0x0000000785100000, 0x0000000785100000| Untracked 
|  82|0x0000000785200000, 0x0000000785200000, 0x0000000785300000|  0%| F|  |TAMS 0x0000000785200000, 0x0000000785200000| Untracked 
|  83|0x0000000785300000, 0x0000000785300000, 0x0000000785400000|  0%| F|  |TAMS 0x0000000785300000, 0x0000000785300000| Untracked 
|  84|0x0000000785400000, 0x0000000785400000, 0x0000000785500000|  0%| F|  |TAMS 0x0000000785400000, 0x0000000785400000| Untracked 
|  85|0x0000000785500000, 0x0000000785500000, 0x0000000785600000|  0%| F|  |TAMS 0x0000000785500000, 0x0000000785500000| Untracked 
|  86|0x0000000785600000, 0x0000000785600000, 0x0000000785700000|  0%| F|  |TAMS 0x0000000785600000, 0x0000000785600000| Untracked 
|  87|0x0000000785700000, 0x0000000785700000, 0x0000000785800000|  0%| F|  |TAMS 0x0000000785700000, 0x0000000785700000| Untracked 
|  88|0x0000000785800000, 0x0000000785800000, 0x0000000785900000|  0%| F|  |TAMS 0x0000000785800000, 0x0000000785800000| Untracked 
|  89|0x0000000785900000, 0x0000000785900000, 0x0000000785a00000|  0%| F|  |TAMS 0x0000000785900000, 0x0000000785900000| Untracked 
|  90|0x0000000785a00000, 0x0000000785a00000, 0x0000000785b00000|  0%| F|  |TAMS 0x0000000785a00000, 0x0000000785a00000| Untracked 
|  91|0x0000000785b00000, 0x0000000785b00000, 0x0000000785c00000|  0%| F|  |TAMS 0x0000000785b00000, 0x0000000785b00000| Untracked 
|  92|0x0000000785c00000, 0x0000000785c00000, 0x0000000785d00000|  0%| F|  |TAMS 0x0000000785c00000, 0x0000000785c00000| Untracked 
|  93|0x0000000785d00000, 0x0000000785d00000, 0x0000000785e00000|  0%| F|  |TAMS 0x0000000785d00000, 0x0000000785d00000| Untracked 
|  94|0x0000000785e00000, 0x0000000785e00000, 0x0000000785f00000|  0%| F|  |TAMS 0x0000000785e00000, 0x0000000785e00000| Untracked 
|  95|0x0000000785f00000, 0x0000000785f00000, 0x0000000786000000|  0%| F|  |TAMS 0x0000000785f00000, 0x0000000785f00000| Untracked 
|  96|0x0000000786000000, 0x0000000786000000, 0x0000000786100000|  0%| F|  |TAMS 0x0000000786000000, 0x0000000786000000| Untracked 
|  97|0x0000000786100000, 0x0000000786100000, 0x0000000786200000|  0%| F|  |TAMS 0x0000000786100000, 0x0000000786100000| Untracked 
|  98|0x0000000786200000, 0x0000000786200000, 0x0000000786300000|  0%| F|  |TAMS 0x0000000786200000, 0x0000000786200000| Untracked 
|  99|0x0000000786300000, 0x0000000786300000, 0x0000000786400000|  0%| F|  |TAMS 0x0000000786300000, 0x0000000786300000| Untracked 
| 100|0x0000000786400000, 0x0000000786400000, 0x0000000786500000|  0%| F|  |TAMS 0x0000000786400000, 0x0000000786400000| Untracked 
| 101|0x0000000786500000, 0x0000000786500000, 0x0000000786600000|  0%| F|  |TAMS 0x0000000786500000, 0x0000000786500000| Untracked 
| 102|0x0000000786600000, 0x0000000786600000, 0x0000000786700000|  0%| F|  |TAMS 0x0000000786600000, 0x0000000786600000| Untracked 
| 103|0x0000000786700000, 0x0000000786700000, 0x0000000786800000|  0%| F|  |TAMS 0x0000000786700000, 0x0000000786700000| Untracked 
| 104|0x0000000786800000, 0x0000000786800000, 0x0000000786900000|  0%| F|  |TAMS 0x0000000786800000, 0x0000000786800000| Untracked 
| 105|0x0000000786900000, 0x0000000786900000, 0x0000000786a00000|  0%| F|  |TAMS 0x0000000786900000, 0x0000000786900000| Untracked 
| 106|0x0000000786a00000, 0x0000000786a00000, 0x0000000786b00000|  0%| F|  |TAMS 0x0000000786a00000, 0x0000000786a00000| Untracked 
| 107|0x0000000786b00000, 0x0000000786b00000, 0x0000000786c00000|  0%| F|  |TAMS 0x0000000786b00000, 0x0000000786b00000| Untracked 
| 108|0x0000000786c00000, 0x0000000786c00000, 0x0000000786d00000|  0%| F|  |TAMS 0x0000000786c00000, 0x0000000786c00000| Untracked 
| 109|0x0000000786d00000, 0x0000000786d00000, 0x0000000786e00000|  0%| F|  |TAMS 0x0000000786d00000, 0x0000000786d00000| Untracked 
| 110|0x0000000786e00000, 0x0000000786e00000, 0x0000000786f00000|  0%| F|  |TAMS 0x0000000786e00000, 0x0000000786e00000| Untracked 
| 111|0x0000000786f00000, 0x0000000786f00000, 0x0000000787000000|  0%| F|  |TAMS 0x0000000786f00000, 0x0000000786f00000| Untracked 
| 112|0x0000000787000000, 0x0000000787000000, 0x0000000787100000|  0%| F|  |TAMS 0x0000000787000000, 0x0000000787000000| Untracked 
| 113|0x0000000787100000, 0x0000000787100000, 0x0000000787200000|  0%| F|  |TAMS 0x0000000787100000, 0x0000000787100000| Untracked 
| 114|0x0000000787200000, 0x0000000787200000, 0x0000000787300000|  0%| F|  |TAMS 0x0000000787200000, 0x0000000787200000| Untracked 
| 115|0x0000000787300000, 0x0000000787300000, 0x0000000787400000|  0%| F|  |TAMS 0x0000000787300000, 0x0000000787300000| Untracked 
| 116|0x0000000787400000, 0x0000000787400000, 0x0000000787500000|  0%| F|  |TAMS 0x0000000787400000, 0x0000000787400000| Untracked 
| 117|0x0000000787500000, 0x0000000787500000, 0x0000000787600000|  0%| F|  |TAMS 0x0000000787500000, 0x0000000787500000| Untracked 
| 118|0x0000000787600000, 0x0000000787600000, 0x0000000787700000|  0%| F|  |TAMS 0x0000000787600000, 0x0000000787600000| Untracked 
| 119|0x0000000787700000, 0x0000000787700000, 0x0000000787800000|  0%| F|  |TAMS 0x0000000787700000, 0x0000000787700000| Untracked 
| 120|0x0000000787800000, 0x0000000787800000, 0x0000000787900000|  0%| F|  |TAMS 0x0000000787800000, 0x0000000787800000| Untracked 
| 121|0x0000000787900000, 0x0000000787900000, 0x0000000787a00000|  0%| F|  |TAMS 0x0000000787900000, 0x0000000787900000| Untracked 
| 122|0x0000000787a00000, 0x0000000787a00000, 0x0000000787b00000|  0%| F|  |TAMS 0x0000000787a00000, 0x0000000787a00000| Untracked 
| 123|0x0000000787b00000, 0x0000000787b00000, 0x0000000787c00000|  0%| F|  |TAMS 0x0000000787b00000, 0x0000000787b00000| Untracked 
| 124|0x0000000787c00000, 0x0000000787c00000, 0x0000000787d00000|  0%| F|  |TAMS 0x0000000787c00000, 0x0000000787c00000| Untracked 
| 125|0x0000000787d00000, 0x0000000787d00000, 0x0000000787e00000|  0%| F|  |TAMS 0x0000000787d00000, 0x0000000787d00000| Untracked 
| 126|0x0000000787e00000, 0x0000000787f00000, 0x0000000787f00000|100%| E|  |TAMS 0x0000000787e00000, 0x0000000787e00000| Complete 
| 127|0x0000000787f00000, 0x0000000788000000, 0x0000000788000000|100%| E|CS|TAMS 0x0000000787f00000, 0x0000000787f00000| Complete 
|1022|0x00000007bfe00000, 0x00000007bfe51000, 0x00000007bff00000| 31%|OA|  |TAMS 0x00000007bfe00000, 0x00000007bfe00000| Untracked 
|1023|0x00000007bff00000, 0x00000007bff7b000, 0x00000007c0000000| 48%|CA|  |TAMS 0x00000007bff00000, 0x00000007bff00000| Untracked 

Card table byte_map: [0x0000000110d60000,0x0000000111160000] _byte_map_base: 0x000000010d160000

Marking Bits (Prev, Next): (CMBitMap*) 0x00007f94f1036c18, (CMBitMap*) 0x00007f94f1036c58
 Prev Bits: [0x0000000111560000, 0x0000000113560000)
 Next Bits: [0x0000000113560000, 0x0000000115560000)

Polling page: 0x000000010f0fb000

Metaspace:

Usage:
  Non-class:      4.39 MB capacity,   577.66 KB ( 13%) used,     3.83 MB ( 87%) free+waste,   768 bytes ( <1%) overhead. 
      Class:    428.00 KB capacity,    44.69 KB ( 10%) used,   382.81 KB ( 89%) free+waste,   512 bytes ( <1%) overhead. 
       Both:      4.81 MB capacity,   622.35 KB ( 13%) used,     4.20 MB ( 87%) free+waste,     1.25 KB ( <1%) overhead. 

Virtual space:
  Non-class space:        8.00 MB reserved,       4.50 MB ( 56%) committed 
      Class space:        1.00 GB reserved,     512.00 KB ( <1%) committed 
             Both:        1.01 GB reserved,       5.00 MB ( <1%) committed 

Chunk freelists:
   Non-Class:  44.00 KB
       Class:  0 bytes
        Both:  44.00 KB

MaxMetaspaceSize: unlimited
CompressedClassSpaceSize: 1.00 GB

CodeHeap 'non-profiled nmethods': size=120032Kb used=32Kb max_used=32Kb free=119999Kb
 bounds [0x0000000128fc0000, 0x0000000129230000, 0x00000001304f8000]
CodeHeap 'profiled nmethods': size=120028Kb used=215Kb max_used=215Kb free=119812Kb
 bounds [0x0000000121a89000, 0x0000000121cf9000, 0x0000000128fc0000]
CodeHeap 'non-nmethods': size=5700Kb used=1058Kb max_used=1072Kb free=4641Kb
 bounds [0x00000001214f8000, 0x0000000121768000, 0x0000000121a89000]
 total_blobs=500 nmethods=148 adapters=198
 compilation: enabled
              stopped_count=0, restarted_count=0
 full_count=0

Compilation events (20 events):
Event: 0.461 Thread 0x00007f94f104a800 nmethod 138 0x0000000121ab6f10 code [0x0000000121ab70c0, 0x0000000121ab7320]
Event: 0.461 Thread 0x00007f94f104a800  139       3       java.lang.StringCoding::getBytesUTF8NoRepl (13 bytes)
Event: 0.461 Thread 0x00007f94f0875000 nmethod 134 0x0000000128fc7490 code [0x0000000128fc7620, 0x0000000128fc76f8]
Event: 0.461 Thread 0x00007f94f104a800 nmethod 139 0x0000000121ab7410 code [0x0000000121ab75c0, 0x0000000121ab7780]
Event: 0.462 Thread 0x00007f94f104a800  140       3       java.lang.CharacterData::of (120 bytes)
Event: 0.462 Thread 0x00007f94f104a800 nmethod 140 0x0000000121ab7890 code [0x0000000121ab7a80, 0x0000000121ab81b0]
Event: 0.462 Thread 0x00007f94f104a800  142       3       java.lang.StringLatin1::newString (17 bytes)
Event: 0.462 Thread 0x00007f94f104a800 nmethod 142 0x0000000121ab8390 code [0x0000000121ab8540, 0x0000000121ab8800]
Event: 0.462 Thread 0x00007f94f104a800  143       3       java.lang.String::lastIndexOf (12 bytes)
Event: 0.463 Thread 0x00007f94f104a800 nmethod 143 0x0000000121ab8910 code [0x0000000121ab8ae0, 0x0000000121ab8ef0]
Event: 0.463 Thread 0x00007f94f104a800  144       3       jdk.internal.misc.Unsafe::putReferenceRelease (9 bytes)
Event: 0.463 Thread 0x00007f94f104a800 nmethod 144 0x0000000121ab9090 code [0x0000000121ab9220, 0x0000000121ab9390]
Event: 0.463 Thread 0x00007f94f104a800  148  s!   3       jdk.internal.loader.URLClassPath::getLoader (194 bytes)
Event: 0.463 Thread 0x00007f94f0875000  141 %     4       java.util.zip.ZipFile$Source::hashN @ 2 (26 bytes)
Event: 0.466 Thread 0x00007f94f104a800 nmethod 148 0x0000000121ab9410 code [0x0000000121ab9840, 0x0000000121abb9b0]
Event: 0.466 Thread 0x00007f94f104a800  146       3       java.util.concurrent.ConcurrentHashMap::setTabAt (20 bytes)
Event: 0.466 Thread 0x00007f94f104a800 nmethod 146 0x0000000121abc890 code [0x0000000121abca20, 0x0000000121abccd0]
Event: 0.466 Thread 0x00007f94f104a800  147   !   3       java.util.jar.JarFile::checkForSpecialAttributes (163 bytes)
Event: 0.468 Thread 0x00007f94f104a800 nmethod 147 0x0000000121abcd90 code [0x0000000121abd0a0, 0x0000000121abe440]
Event: 0.471 Thread 0x00007f94f0875000 nmethod 141% 0x0000000128fc7b90 code [0x0000000128fc7d40, 0x0000000128fc8018]

GC Heap History (0 events):
No events

Deoptimization events (0 events):
No events

Classes unloaded (0 events):
No events

Classes redefined (0 events):
No events

Internal exceptions (0 events):
No events

Events (20 events):
Event: 0.399 loading class jdk/internal/module/ModulePatcher$PatchedModuleReader done
Event: 0.403 Loaded shared library /Library/Java/JavaVirtualMachines/jdk-14.0.1.jdk/Contents/Home/lib/libjimage.dylib
Event: 0.407 loading class sun/net/www/protocol/jrt/Handler
Event: 0.407 loading class sun/net/www/protocol/jrt/Handler done
Event: 0.414 loading class java/io/UnsupportedEncodingException
Event: 0.414 loading class java/io/IOException
Event: 0.415 loading class java/io/IOException done
Event: 0.415 loading class java/io/UnsupportedEncodingException done
Event: 0.416 loading class java/lang/IllegalStateException
Event: 0.416 loading class java/lang/IllegalStateException done
Event: 0.418 loading class java/beans/PropertyChangeListener
Event: 0.418 loading class java/util/EventListener
Event: 0.418 loading class java/util/EventListener done
Event: 0.418 loading class java/beans/PropertyChangeListener done
Event: 0.420 loading class java/security/cert/X509Certificate
Event: 0.420 loading class java/security/cert/X509Extension
Event: 0.420 loading class java/security/cert/X509Extension done
Event: 0.420 loading class java/security/cert/X509Certificate done
Event: 0.464 loading class java/lang/Class$EnclosingMethodInfo
Event: 0.464 loading class java/lang/Class$EnclosingMethodInfo done


Dynamic libraries:
0x00007fff6a512000 	/usr/lib/libz.1.dylib
0x000000010f0ce000 	/Library/Java/JavaVirtualMachines/jdk-14.0.1.jdk/Contents/Home/lib/libjli.dylib
0x00007fff301c5000 	/System/Library/Frameworks/Cocoa.framework/Versions/A/Cocoa
0x00007fff3d9ce000 	/System/Library/Frameworks/Security.framework/Versions/A/Security
0x00007fff2f12a000 	/System/Library/Frameworks/ApplicationServices.framework/Versions/A/ApplicationServices
0x00007fff67fd6000 	/usr/lib/libSystem.B.dylib
0x00007fff6add3000 	/usr/lib/system/libcache.dylib
0x00007fff6add9000 	/usr/lib/system/libcommonCrypto.dylib
0x00007fff6ade5000 	/usr/lib/system/libcompiler_rt.dylib
0x00007fff6aded000 	/usr/lib/system/libcopyfile.dylib
0x00007fff6adf7000 	/usr/lib/system/libcorecrypto.dylib
0x00007fff6af96000 	/usr/lib/system/libdispatch.dylib
0x00007fff6afd7000 	/usr/lib/system/libdyld.dylib
0x00007fff6b00e000 	/usr/lib/system/libkeymgr.dylib
0x00007fff6b01c000 	/usr/lib/system/liblaunch.dylib
0x00007fff6b01d000 	/usr/lib/system/libmacho.dylib
0x00007fff6b023000 	/usr/lib/system/libquarantine.dylib
0x00007fff6b026000 	/usr/lib/system/libremovefile.dylib
0x00007fff6b028000 	/usr/lib/system/libsystem_asl.dylib
0x00007fff6b040000 	/usr/lib/system/libsystem_blocks.dylib
0x00007fff6b041000 	/usr/lib/system/libsystem_c.dylib
0x00007fff6b0c9000 	/usr/lib/system/libsystem_configuration.dylib
0x00007fff6b0cd000 	/usr/lib/system/libsystem_coreservices.dylib
0x00007fff6b0d1000 	/usr/lib/system/libsystem_darwin.dylib
0x00007fff6b0da000 	/usr/lib/system/libsystem_dnssd.dylib
0x00007fff6b0e2000 	/usr/lib/system/libsystem_featureflags.dylib
0x00007fff6b0e4000 	/usr/lib/system/libsystem_info.dylib
0x00007fff6b15f000 	/usr/lib/system/libsystem_m.dylib
0x00007fff6b1a7000 	/usr/lib/system/libsystem_malloc.dylib
0x00007fff6b1cf000 	/usr/lib/system/libsystem_networkextension.dylib
0x00007fff6b1dd000 	/usr/lib/system/libsystem_notify.dylib
0x00007fff6b1fb000 	/usr/lib/system/libsystem_sandbox.dylib
0x00007fff6b200000 	/usr/lib/system/libsystem_secinit.dylib
0x00007fff6b132000 	/usr/lib/system/libsystem_kernel.dylib
0x00007fff6b1e7000 	/usr/lib/system/libsystem_platform.dylib
0x00007fff6b1f0000 	/usr/lib/system/libsystem_pthread.dylib
0x00007fff6b203000 	/usr/lib/system/libsystem_symptoms.dylib
0x00007fff6b20b000 	/usr/lib/system/libsystem_trace.dylib
0x00007fff6b223000 	/usr/lib/system/libunwind.dylib
0x00007fff6b229000 	/usr/lib/system/libxpc.dylib
0x00007fff69e36000 	/usr/lib/libobjc.A.dylib
0x00007fff6830f000 	/usr/lib/libc++abi.dylib
0x00007fff682bc000 	/usr/lib/libc++.1.dylib
0x00007fff31067000 	/System/Library/Frameworks/CoreFoundation.framework/Versions/A/CoreFoundation
0x00007fff33724000 	/System/Library/Frameworks/Foundation.framework/Versions/C/Foundation
0x00007fff2e31a000 	/System/Library/Frameworks/AppKit.framework/Versions/C/AppKit
0x00007fff30b49000 	/System/Library/Frameworks/CoreData.framework/Versions/A/CoreData
0x00007fff61fd1000 	/System/Library/PrivateFrameworks/UIFoundation.framework/Versions/A/UIFoundation
0x00007fff5d065000 	/System/Library/PrivateFrameworks/RemoteViewServices.framework/Versions/A/RemoteViewServices
0x00007fff64b46000 	/System/Library/PrivateFrameworks/XCTTargetBootstrap.framework/Versions/A/XCTTargetBootstrap
0x00007fff30f34000 	/System/Library/Frameworks/CoreDisplay.framework/Versions/A/CoreDisplay
0x00007fff365de000 	/System/Library/Frameworks/Metal.framework/Versions/A/Metal
0x00007fff4b063000 	/System/Library/PrivateFrameworks/DesktopServicesPriv.framework/Versions/A/DesktopServicesPriv
0x00007fff69111000 	/usr/lib/liblangid.dylib
0x00007fff4a2f8000 	/System/Library/PrivateFrameworks/CoreSVG.framework/Versions/A/CoreSVG
0x00007fff601c1000 	/System/Library/PrivateFrameworks/SkyLight.framework/Versions/A/SkyLight
0x00007fff314e8000 	/System/Library/Frameworks/CoreGraphics.framework/Versions/A/CoreGraphics
0x00007fff2ccee000 	/System/Library/Frameworks/Accelerate.framework/Versions/A/Accelerate
0x00007fff6a403000 	/usr/lib/libxml2.2.dylib
0x00007fff55fef000 	/System/Library/PrivateFrameworks/IconServices.framework/Versions/A/IconServices
0x00007fff33f03000 	/System/Library/Frameworks/IOSurface.framework/Versions/A/IOSurface
0x00007fff67b00000 	/usr/lib/libDiagnosticMessagesClient.dylib
0x00007fff4aebd000 	/System/Library/PrivateFrameworks/DFRFoundation.framework/Versions/A/DFRFoundation
0x00007fff68ea0000 	/usr/lib/libicucore.A.dylib
0x00007fff2f45c000 	/System/Library/Frameworks/AudioToolbox.framework/Versions/A/AudioToolbox
0x00007fff2f53f000 	/System/Library/Frameworks/AudioUnit.framework/Versions/A/AudioUnit
0x00007fff681d8000 	/usr/lib/libauto.dylib
0x00007fff4af5f000 	/System/Library/PrivateFrameworks/DataDetectorsCore.framework/Versions/A/DataDetectorsCore
0x00007fff2fce6000 	/System/Library/Frameworks/Carbon.framework/Versions/A/Frameworks/HIToolbox.framework/Versions/A/HIToolbox
0x00007fff3cbc8000 	/System/Library/Frameworks/QuartzCore.framework/Versions/A/QuartzCore
0x00007fff30025000 	/System/Library/Frameworks/Carbon.framework/Versions/A/Frameworks/SpeechRecognition.framework/Versions/A/SpeechRecognition
0x00007fff4a9d1000 	/System/Library/PrivateFrameworks/CoreUI.framework/Versions/A/CoreUI
0x00007fff305b4000 	/System/Library/Frameworks/CoreAudio.framework/Versions/A/CoreAudio
0x00007fff333e3000 	/System/Library/Frameworks/DiskArbitration.framework/Versions/A/DiskArbitration
0x00007fff5803f000 	/System/Library/PrivateFrameworks/MultitouchSupport.framework/Versions/A/MultitouchSupport
0x00007fff68d67000 	/usr/lib/libenergytrace.dylib
0x00007fff33e5d000 	/System/Library/Frameworks/IOKit.framework/Versions/A/IOKit
0x00007fff3244f000 	/System/Library/Frameworks/CoreServices.framework/Versions/A/CoreServices
0x00007fff5a1f8000 	/System/Library/PrivateFrameworks/PerformanceAnalysis.framework/Versions/A/PerformanceAnalysis
0x00007fff3bbfb000 	/System/Library/Frameworks/OpenGL.framework/Versions/A/OpenGL
0x00007fff301d3000 	/System/Library/Frameworks/ColorSync.framework/Versions/A/ColorSync
0x00007fff31b6b000 	/System/Library/Frameworks/CoreImage.framework/Versions/A/CoreImage
0x00007fff32ec2000 	/System/Library/Frameworks/CoreText.framework/Versions/A/CoreText
0x00007fff33f93000 	/System/Library/Frameworks/ImageIO.framework/Versions/A/ImageIO
0x00007fff68338000 	/usr/lib/libcompression.dylib
0x00007fff67e44000 	/usr/lib/libMobileGestalt.dylib
0x00007fff61d3b000 	/System/Library/PrivateFrameworks/TextureIO.framework/Versions/A/TextureIO
0x00007fff6813b000 	/usr/lib/libate.dylib
0x00007fff561f8000 	/System/Library/PrivateFrameworks/InternationalSupport.framework/Versions/A/InternationalSupport
0x00007fff69113000 	/usr/lib/liblzma.5.dylib
0x00007fff68d8e000 	/usr/lib/libfakelink.dylib
0x00007fff680c8000 	/usr/lib/libarchive.2.dylib
0x00007fff3ea7f000 	/System/Library/Frameworks/SystemConfiguration.framework/Versions/A/SystemConfiguration
0x00007fff67a33000 	/usr/lib/libCRFSuite.dylib
0x00007fff2f8d6000 	/System/Library/Frameworks/CFNetwork.framework/Versions/A/CFNetwork
0x00007fff6829e000 	/usr/lib/libbsm.0.dylib
0x00007fff6b00f000 	/usr/lib/system/libkxld.dylib
0x00007fff44839000 	/System/Library/PrivateFrameworks/AppleFSCompression.framework/Versions/A/AppleFSCompression
0x00007fff68629000 	/usr/lib/libcoretls.dylib
0x00007fff68640000 	/usr/lib/libcoretls_cfhelpers.dylib
0x00007fff69e7c000 	/usr/lib/libpam.2.dylib
0x00007fff69fb1000 	/usr/lib/libsqlite3.dylib
0x00007fff6a3f0000 	/usr/lib/libxar.1.dylib
0x00007fff682af000 	/usr/lib/libbz2.1.0.dylib
0x00007fff68daf000 	/usr/lib/libiconv.2.dylib
0x00007fff68325000 	/usr/lib/libcharset.1.dylib
0x00007fff69919000 	/usr/lib/libnetwork.dylib
0x00007fff69e83000 	/usr/lib/libpcap.A.dylib
0x00007fff6807d000 	/usr/lib/libapple_nghttp2.dylib
0x00007fff32806000 	/System/Library/Frameworks/CoreServices.framework/Versions/A/Frameworks/FSEvents.framework/Versions/A/FSEvents
0x00007fff324d6000 	/System/Library/Frameworks/CoreServices.framework/Versions/A/Frameworks/CarbonCore.framework/Versions/A/CarbonCore
0x00007fff32a4a000 	/System/Library/Frameworks/CoreServices.framework/Versions/A/Frameworks/Metadata.framework/Versions/A/Metadata
0x00007fff32ae3000 	/System/Library/Frameworks/CoreServices.framework/Versions/A/Frameworks/OSServices.framework/Versions/A/OSServices
0x00007fff32b11000 	/System/Library/Frameworks/CoreServices.framework/Versions/A/Frameworks/SearchKit.framework/Versions/A/SearchKit
0x00007fff32450000 	/System/Library/Frameworks/CoreServices.framework/Versions/A/Frameworks/AE.framework/Versions/A/AE
0x00007fff3280f000 	/System/Library/Frameworks/CoreServices.framework/Versions/A/Frameworks/LaunchServices.framework/Versions/A/LaunchServices
0x00007fff327b8000 	/System/Library/Frameworks/CoreServices.framework/Versions/A/Frameworks/DictionaryServices.framework/Versions/A/DictionaryServices
0x00007fff32b79000 	/System/Library/Frameworks/CoreServices.framework/Versions/A/Frameworks/SharedFileList.framework/Versions/A/SharedFileList
0x00007fff37a1a000 	/System/Library/Frameworks/NetFS.framework/Versions/A/NetFS
0x00007fff5856f000 	/System/Library/PrivateFrameworks/NetAuth.framework/Versions/A/NetAuth
0x00007fff64f13000 	/System/Library/PrivateFrameworks/login.framework/Versions/A/Frameworks/loginsupport.framework/Versions/A/loginsupport
0x00007fff61806000 	/System/Library/PrivateFrameworks/TCC.framework/Versions/A/TCC
0x00007fff4946b000 	/System/Library/PrivateFrameworks/CoreNLP.framework/Versions/A/CoreNLP
0x00007fff57a6c000 	/System/Library/PrivateFrameworks/MetadataUtilities.framework/Versions/A/MetadataUtilities
0x00007fff691eb000 	/usr/lib/libmecabra.dylib
0x00007fff69143000 	/usr/lib/libmecab.dylib
0x00007fff68d9f000 	/usr/lib/libgermantok.dylib
0x00007fff68064000 	/usr/lib/libThaiTokenizer.dylib
0x00007fff67a6a000 	/usr/lib/libChineseTokenizer.dylib
0x00007fff2cd06000 	/System/Library/Frameworks/Accelerate.framework/Versions/A/Frameworks/vImage.framework/Versions/A/vImage
0x00007fff2e170000 	/System/Library/Frameworks/Accelerate.framework/Versions/A/Frameworks/vecLib.framework/Versions/A/vecLib
0x00007fff2e0ad000 	/System/Library/Frameworks/Accelerate.framework/Versions/A/Frameworks/vecLib.framework/Versions/A/libvMisc.dylib
0x00007fff2ded5000 	/System/Library/Frameworks/Accelerate.framework/Versions/A/Frameworks/vecLib.framework/Versions/A/libvDSP.dylib
0x00007fff2d35d000 	/System/Library/Frameworks/Accelerate.framework/Versions/A/Frameworks/vecLib.framework/Versions/A/libBLAS.dylib
0x00007fff2da99000 	/System/Library/Frameworks/Accelerate.framework/Versions/A/Frameworks/vecLib.framework/Versions/A/libLAPACK.dylib
0x00007fff2de35000 	/System/Library/Frameworks/Accelerate.framework/Versions/A/Frameworks/vecLib.framework/Versions/A/libLinearAlgebra.dylib
0x00007fff2dec2000 	/System/Library/Frameworks/Accelerate.framework/Versions/A/Frameworks/vecLib.framework/Versions/A/libSparseBLAS.dylib
0x00007fff2de4b000 	/System/Library/Frameworks/Accelerate.framework/Versions/A/Frameworks/vecLib.framework/Versions/A/libQuadrature.dylib
0x00007fff2d5c5000 	/System/Library/Frameworks/Accelerate.framework/Versions/A/Frameworks/vecLib.framework/Versions/A/libBNNS.dylib
0x00007fff2de51000 	/System/Library/Frameworks/Accelerate.framework/Versions/A/Frameworks/vecLib.framework/Versions/A/libSparse.dylib
0x00007fff565e0000 	/System/Library/PrivateFrameworks/LanguageModeling.framework/Versions/A/LanguageModeling
0x00007fff48e1b000 	/System/Library/PrivateFrameworks/CoreEmoji.framework/Versions/A/CoreEmoji
0x00007fff566fe000 	/System/Library/PrivateFrameworks/LinguisticData.framework/Versions/A/LinguisticData
0x00007fff566af000 	/System/Library/PrivateFrameworks/Lexicon.framework/Versions/A/Lexicon
0x00007fff68326000 	/usr/lib/libcmph.dylib
0x00007fff3a609000 	/System/Library/Frameworks/OpenDirectory.framework/Versions/A/Frameworks/CFOpenDirectory.framework/Versions/A/CFOpenDirectory
0x00007fff3a626000 	/System/Library/Frameworks/OpenDirectory.framework/Versions/A/OpenDirectory
0x00007fff42a69000 	/System/Library/PrivateFrameworks/APFS.framework/Versions/A/APFS
0x00007fff3dd18000 	/System/Library/Frameworks/SecurityFoundation.framework/Versions/A/SecurityFoundation
0x00007fff6a3ec000 	/usr/lib/libutil.dylib
0x00007fff4a350000 	/System/Library/PrivateFrameworks/CoreServicesStore.framework/Versions/A/CoreServicesStore
0x00007fff3ddcf000 	/System/Library/Frameworks/ServiceManagement.framework/Versions/A/ServiceManagement
0x00007fff46009000 	/System/Library/PrivateFrameworks/BackgroundTaskManagement.framework/Versions/A/BackgroundTaskManagement
0x00007fff6a4e9000 	/usr/lib/libxslt.1.dylib
0x00007fff44eac000 	/System/Library/PrivateFrameworks/AppleSystemInfo.framework/Versions/A/AppleSystemInfo
0x00007fff341af000 	/System/Library/Frameworks/ImageIO.framework/Versions/A/Resources/libJPEG.dylib
0x00007fff3446c000 	/System/Library/Frameworks/ImageIO.framework/Versions/A/Resources/libTIFF.dylib
0x00007fff3444f000 	/System/Library/Frameworks/ImageIO.framework/Versions/A/Resources/libPng.dylib
0x00007fff340f1000 	/System/Library/Frameworks/ImageIO.framework/Versions/A/Resources/libGIF.dylib
0x00007fff340f5000 	/System/Library/Frameworks/ImageIO.framework/Versions/A/Resources/libJP2.dylib
0x00007fff3446a000 	/System/Library/Frameworks/ImageIO.framework/Versions/A/Resources/libRadiance.dylib
0x00007fff68d68000 	/usr/lib/libexpat.1.dylib
0x00007fff44994000 	/System/Library/PrivateFrameworks/AppleJPEG.framework/Versions/A/AppleJPEG
0x00007fff4d650000 	/System/Library/PrivateFrameworks/FontServices.framework/libFontParser.dylib
0x00007fff63f15000 	/System/Library/PrivateFrameworks/WatchdogClient.framework/Versions/A/WatchdogClient
0x00007fff55c3b000 	/System/Library/PrivateFrameworks/IOAccelerator.framework/Versions/A/IOAccelerator
0x00007fff36979000 	/System/Library/Frameworks/MetalPerformanceShaders.framework/Versions/A/MetalPerformanceShaders
0x00007fff523cb000 	/System/Library/PrivateFrameworks/GPUWrangler.framework/Versions/A/GPUWrangler
0x00007fff55c50000 	/System/Library/PrivateFrameworks/IOPresentment.framework/Versions/A/IOPresentment
0x00007fff4aed0000 	/System/Library/PrivateFrameworks/DSExternalDisplay.framework/Versions/A/DSExternalDisplay
0x00007fff3af9a000 	/System/Library/Frameworks/OpenGL.framework/Versions/A/Libraries/libCoreFSCache.dylib
0x00007fff366c5000 	/System/Library/Frameworks/MetalPerformanceShaders.framework/Frameworks/MPSCore.framework/Versions/A/MPSCore
0x00007fff36703000 	/System/Library/Frameworks/MetalPerformanceShaders.framework/Frameworks/MPSImage.framework/Versions/A/MPSImage
0x00007fff367ca000 	/System/Library/Frameworks/MetalPerformanceShaders.framework/Frameworks/MPSNeuralNetwork.framework/Versions/A/MPSNeuralNetwork
0x00007fff3678e000 	/System/Library/Frameworks/MetalPerformanceShaders.framework/Frameworks/MPSMatrix.framework/Versions/A/MPSMatrix
0x00007fff36929000 	/System/Library/Frameworks/MetalPerformanceShaders.framework/Frameworks/MPSRayIntersector.framework/Versions/A/MPSRayIntersector
0x00007fff367b4000 	/System/Library/Frameworks/MetalPerformanceShaders.framework/Frameworks/MPSNDArray.framework/Versions/A/MPSNDArray
0x00007fff57ab9000 	/System/Library/PrivateFrameworks/MetalTools.framework/Versions/A/MetalTools
0x00007fff43c43000 	/System/Library/PrivateFrameworks/AggregateDictionary.framework/Versions/A/AggregateDictionary
0x00007fff48863000 	/System/Library/PrivateFrameworks/CoreAnalytics.framework/Versions/A/CoreAnalytics
0x00007fff44dcb000 	/System/Library/PrivateFrameworks/AppleSauce.framework/Versions/A/AppleSauce
0x00007fff67d26000 	/usr/lib/libIOReport.dylib
0x00007fff3307a000 	/System/Library/Frameworks/CoreVideo.framework/Versions/A/CoreVideo
0x00007fff53844000 	/System/Library/PrivateFrameworks/GraphVisualizer.framework/Versions/A/GraphVisualizer
0x00007fff4cb96000 	/System/Library/PrivateFrameworks/FaceCore.framework/Versions/A/FaceCore
0x00007fff3a5b0000 	/System/Library/Frameworks/OpenCL.framework/Versions/A/OpenCL
0x00007fff67b48000 	/usr/lib/libFosl_dynamic.dylib
0x00007fff58f90000 	/System/Library/PrivateFrameworks/OTSVG.framework/Versions/A/OTSVG
0x00007fff2f22f000 	/System/Library/Frameworks/ApplicationServices.framework/Versions/A/Frameworks/ATS.framework/Versions/A/Resources/libFontRegistry.dylib
0x00007fff4d81f000 	/System/Library/PrivateFrameworks/FontServices.framework/libhvf.dylib
0x00007fff3afa5000 	/System/Library/Frameworks/OpenGL.framework/Versions/A/Libraries/libGFXShared.dylib
0x00007fff3b183000 	/System/Library/Frameworks/OpenGL.framework/Versions/A/Libraries/libGLU.dylib
0x00007fff3afae000 	/System/Library/Frameworks/OpenGL.framework/Versions/A/Libraries/libGL.dylib
0x00007fff3afb9000 	/System/Library/Frameworks/OpenGL.framework/Versions/A/Libraries/libGLImage.dylib
0x00007fff3af97000 	/System/Library/Frameworks/OpenGL.framework/Versions/A/Libraries/libCVMSPluginSupport.dylib
0x00007fff3afa0000 	/System/Library/Frameworks/OpenGL.framework/Versions/A/Libraries/libCoreVMClient.dylib
0x00007fff697ba000 	/usr/lib/libncurses.5.4.dylib
0x00007fff2f12b000 	/System/Library/Frameworks/ApplicationServices.framework/Versions/A/Frameworks/ATS.framework/Versions/A/ATS
0x00007fff2f2f8000 	/System/Library/Frameworks/ApplicationServices.framework/Versions/A/Frameworks/ColorSyncLegacy.framework/Versions/A/ColorSyncLegacy
0x00007fff2f396000 	/System/Library/Frameworks/ApplicationServices.framework/Versions/A/Frameworks/HIServices.framework/Versions/A/HIServices
0x00007fff2f3ee000 	/System/Library/Frameworks/ApplicationServices.framework/Versions/A/Frameworks/LangAnalysis.framework/Versions/A/LangAnalysis
0x00007fff2f3fd000 	/System/Library/Frameworks/ApplicationServices.framework/Versions/A/Frameworks/PrintCore.framework/Versions/A/PrintCore
0x00007fff2f443000 	/System/Library/Frameworks/ApplicationServices.framework/Versions/A/Frameworks/QD.framework/Versions/A/QD
0x00007fff2f44e000 	/System/Library/Frameworks/ApplicationServices.framework/Versions/A/Frameworks/SpeechSynthesis.framework/Versions/A/SpeechSynthesis
0x00007fff2f2c8000 	/System/Library/Frameworks/ApplicationServices.framework/Versions/A/Frameworks/ATSUI.framework/Versions/A/ATSUI
0x00007fff68bfe000 	/usr/lib/libcups.2.dylib
0x00007fff35a14000 	/System/Library/Frameworks/Kerberos.framework/Versions/A/Kerberos
0x00007fff33b56000 	/System/Library/Frameworks/GSS.framework/Versions/A/GSS
0x00007fff69f3d000 	/usr/lib/libresolv.9.dylib
0x00007fff539f1000 	/System/Library/PrivateFrameworks/Heimdal.framework/Versions/A/Heimdal
0x00007fff35a27000 	/System/Library/Frameworks/Kerberos.framework/Versions/A/Libraries/libHeimdalProxy.dylib
0x00007fff68da5000 	/usr/lib/libheimdal-asn1.dylib
0x00007fff47cfb000 	/System/Library/PrivateFrameworks/CommonAuth.framework/Versions/A/CommonAuth
0x00007fff44f49000 	/System/Library/PrivateFrameworks/AssertionServices.framework/Versions/A/AssertionServices
0x00007fff45aec000 	/System/Library/PrivateFrameworks/AudioToolboxCore.framework/Versions/A/AudioToolboxCore
0x00007fff64bc3000 	/System/Library/PrivateFrameworks/caulk.framework/Versions/A/caulk
0x00007fff460b5000 	/System/Library/PrivateFrameworks/BaseBoard.framework/Versions/A/BaseBoard
0x00007fff5d1f3000 	/System/Library/PrivateFrameworks/RunningBoardServices.framework/Versions/A/RunningBoardServices
0x00007fff5a204000 	/System/Library/PrivateFrameworks/PersistentConnection.framework/Versions/A/PersistentConnection
0x00007fff5cbec000 	/System/Library/PrivateFrameworks/ProtocolBuffer.framework/Versions/A/ProtocolBuffer
0x00007fff47d1f000 	/System/Library/PrivateFrameworks/CommonUtilities.framework/Versions/A/CommonUtilities
0x00007fff46243000 	/System/Library/PrivateFrameworks/Bom.framework/Versions/A/Bom
0x00007fff679f9000 	/usr/lib/libAudioToolboxUtility.dylib
0x00007fff46013000 	/System/Library/PrivateFrameworks/Backup.framework/Versions/A/Backup
0x00007fff4adf1000 	/System/Library/PrivateFrameworks/CrashReporterSupport.framework/Versions/A/CrashReporterSupport
0x00007fff5ec85000 	/System/Library/PrivateFrameworks/Sharing.framework/Versions/A/Sharing
0x00007fff44557000 	/System/Library/PrivateFrameworks/Apple80211.framework/Versions/A/Apple80211
0x00007fff45d30000 	/System/Library/PrivateFrameworks/AuthKit.framework/Versions/A/AuthKit
0x00007fff4aafe000 	/System/Library/PrivateFrameworks/CoreUtils.framework/Versions/A/CoreUtils
0x00007fff330bf000 	/System/Library/Frameworks/CoreWLAN.framework/Versions/A/CoreWLAN
0x00007fff33ce3000 	/System/Library/Frameworks/IOBluetooth.framework/Versions/A/IOBluetooth
0x00007fff57dbe000 	/System/Library/PrivateFrameworks/MobileKeyBag.framework/Versions/A/MobileKeyBag
0x00007fff49903000 	/System/Library/PrivateFrameworks/CorePhoneNumbers.framework/Versions/A/CorePhoneNumbers
0x00007fff44947000 	/System/Library/PrivateFrameworks/AppleIDAuthSupport.framework/Versions/A/AppleIDAuthSupport
0x00007fff37a27000 	/System/Library/Frameworks/Network.framework/Versions/A/Network
0x00007fff5648c000 	/System/Library/PrivateFrameworks/KeychainCircle.framework/Versions/A/KeychainCircle
0x00007fff30b10000 	/System/Library/Frameworks/CoreBluetooth.framework/Versions/A/CoreBluetooth
0x00007fff60d04000 	/System/Library/PrivateFrameworks/SpeechRecognitionCore.framework/Versions/A/SpeechRecognitionCore
0x00007fff240ec000 	/System/Library/CoreServices/Encodings/libJapaneseConverter.dylib
0x000000010fa00000 	/Library/Java/JavaVirtualMachines/jdk-14.0.1.jdk/Contents/Home/lib/server/libjvm.dylib
0x000000010f0f0000 	/Library/Java/JavaVirtualMachines/jdk-14.0.1.jdk/Contents/Home/lib/libjimage.dylib
0x000000010f145000 	/Library/Java/JavaVirtualMachines/jdk-14.0.1.jdk/Contents/Home/lib/libjava.dylib
0x000000010f16d000 	/Library/Java/JavaVirtualMachines/jdk-14.0.1.jdk/Contents/Home/lib/libzip.dylib
0x000000010f1d9000 	/Library/Java/JavaVirtualMachines/jdk-14.0.1.jdk/Contents/Home/lib/libnio.dylib
0x0000000117d60000 	/Library/Java/JavaVirtualMachines/jdk-14.0.1.jdk/Contents/Home/lib/libnet.dylib


VM Arguments:
jvm_args: -Dfile.encoding=UTF-8 -XX:+ShowCodeDetailsInExceptionMessages 
java_command: org.apache.catalina.startup.Tomcat$1
java_class_path (initial): /Users/takayakakeru/Desktop/java/4-2/build/classes:/Applications/Eclipse_2021-03.app/Contents/tomcat/8/lib/tomcat-i18n-ko.jar:/Applications/Eclipse_2021-03.app/Contents/tomcat/8/lib/el-api.jar:/Applications/Eclipse_2021-03.app/Contents/tomcat/8/lib/tomcat-i18n-es.jar:/Applications/Eclipse_2021-03.app/Contents/tomcat/8/lib/tomcat-websocket.jar:/Applications/Eclipse_2021-03.app/Contents/tomcat/8/lib/jasper.jar:/Applications/Eclipse_2021-03.app/Contents/tomcat/8/lib/jasper-el.jar:/Applications/Eclipse_2021-03.app/Contents/tomcat/8/lib/tomcat-util.jar:/Applications/Eclipse_2021-03.app/Contents/tomcat/8/lib/tomcat-i18n-de.jar:/Applications/Eclipse_2021-03.app/Contents/tomcat/8/lib/catalina-storeconfig.jar:/Applications/Eclipse_2021-03.app/Contents/tomcat/8/lib/jsp-api.jar:/Applications/Eclipse_2021-03.app/Contents/tomcat/8/lib/catalina-tribes.jar:/Applications/Eclipse_2021-03.app/Contents/tomcat/8/lib/catalina.jar:/Applications/Eclipse_2021-03.app/Contents/tomcat/8/lib/tomcat-jni.jar:/Applications/Eclipse_2021-03.app/Contents/tomcat/8/lib/websocket-api.jar:/Applications/Eclipse_2021-03.app/Contents/tomcat/8/lib/tomcat-coyote.jar:/Applications/Eclipse_2021-03.app/Contents/tomcat/8/lib/catalina-ha.jar:/Applications/Eclipse_2021-03.app/Contents/tomcat/8/lib/tomcat-api.jar:/Applications/Eclipse_2021-03.app/Contents/tomcat/8/lib/annotations-api.jar:/Applications/Eclipse_2021-03.app/Contents/tomcat/8/lib/jaspic-api.jar:/Applications/Eclipse_2021-03.app/Contents/tomcat/8/lib/tomcat-i18n-zh-CN.jar:/Applications/Eclipse_2021-03.app/Contents/tomcat/8/lib/catalina-ant.jar:/Applications/Eclipse_2021-03.app/Contents/tomcat/8/lib/ecj-4.6.3.jar:/Applications/Eclipse_2021-03.app/Contents/tomcat/8/lib/servlet-api.jar:/Applications/Eclipse_2021-03.app/Contents/tomcat/8/lib/tomcat-util-scan.jar:/Applications/Eclipse_2021-03.app/Contents/tomcat/8/lib/tomcat-i18n-ja.jar:/Applications/Eclipse_2021-03.app/Contents/tomcat/8/lib/tomcat-i18n-ru.jar:/Applications/Eclip
Launcher Type: SUN_STANDARD

[Global flags]
     intx CICompilerCount                          = 3                                         {product} {ergonomic}
     uint ConcGCThreads                            = 1                                         {product} {ergonomic}
     uint G1ConcRefinementThreads                  = 4                                         {product} {ergonomic}
   size_t G1HeapRegionSize                         = 1048576                                   {product} {ergonomic}
    uintx GCDrainStackTargetSize                   = 64                                        {product} {ergonomic}
   size_t InitialHeapSize                          = 134217728                                 {product} {ergonomic}
   size_t MarkStackSize                            = 4194304                                   {product} {ergonomic}
   size_t MaxHeapSize                              = 2147483648                                {product} {ergonomic}
   size_t MaxNewSize                               = 1287651328                                {product} {ergonomic}
   size_t MinHeapDeltaBytes                        = 1048576                                   {product} {ergonomic}
   size_t MinHeapSize                              = 8388608                                   {product} {ergonomic}
    uintx NonNMethodCodeHeapSize                   = 5832780                                {pd product} {ergonomic}
    uintx NonProfiledCodeHeapSize                  = 122912730                              {pd product} {ergonomic}
    uintx ProfiledCodeHeapSize                     = 122912730                              {pd product} {ergonomic}
    uintx ReservedCodeCacheSize                    = 251658240                              {pd product} {ergonomic}
     bool SegmentedCodeCache                       = true                                      {product} {ergonomic}
     bool ShowCodeDetailsInExceptionMessages       = true                                   {manageable} {command line}
   size_t SoftMaxHeapSize                          = 2147483648                             {manageable} {ergonomic}
     bool UseCompressedClassPointers               = true                                 {lp64_product} {ergonomic}
     bool UseCompressedOops                        = true                                 {lp64_product} {ergonomic}
     bool UseG1GC                                  = true                                      {product} {ergonomic}

Logging:
Log output configuration:
 #0: stdout all=warning uptime,level,tags
 #1: stderr all=off uptime,level,tags

Environment Variables:
PATH=/usr/bin:/bin:/usr/sbin:/sbin
SHELL=/bin/zsh

Signal Handlers:
SIGSEGV: [libjvm.dylib+0x741570], sa_mask[0]=11111111011111110111111111111111, sa_flags=SA_ONSTACK|SA_RESTART|SA_SIGINFO
SIGBUS: [libjvm.dylib+0x741570], sa_mask[0]=11111111011111110111111111111111, sa_flags=SA_RESTART|SA_SIGINFO
SIGFPE: [libjvm.dylib+0x741570], sa_mask[0]=11111111011111110111111111111111, sa_flags=SA_RESTART|SA_SIGINFO
SIGPIPE: [libjvm.dylib+0x5eb393], sa_mask[0]=11111111011111110111111111111111, sa_flags=SA_RESTART|SA_SIGINFO
SIGXFSZ: [libjvm.dylib+0x5eb393], sa_mask[0]=11111111011111110111111111111111, sa_flags=SA_RESTART|SA_SIGINFO
SIGILL: [libjvm.dylib+0x741570], sa_mask[0]=11111111011111110111111111111111, sa_flags=SA_RESTART|SA_SIGINFO
SIGUSR2: [libjvm.dylib+0x5eb965], sa_mask[0]=00100000000000000000000000000000, sa_flags=SA_RESTART|SA_SIGINFO
SIGHUP: [libjvm.dylib+0x5ea9c7], sa_mask[0]=11111111011111110111111111111111, sa_flags=SA_RESTART|SA_SIGINFO
SIGINT: [libjvm.dylib+0x5ea9c7], sa_mask[0]=11111111011111110111111111111111, sa_flags=SA_RESTART|SA_SIGINFO
SIGTERM: [libjvm.dylib+0x5ea9c7], sa_mask[0]=11111111011111110111111111111111, sa_flags=SA_RESTART|SA_SIGINFO
SIGQUIT: [libjvm.dylib+0x5ea9c7], sa_mask[0]=11111111011111110111111111111111, sa_flags=SA_RESTART|SA_SIGINFO


---------------  S Y S T E M  ---------------

OS:uname:Darwin 19.6.0 Darwin Kernel Version 19.6.0: Tue Jan 12 22:13:05 PST 2021; root:xnu-6153.141.16~1/RELEASE_X86_64 x86_64
OS uptime: 0 days 9:34 hours
rlimit: STACK 8192k, CORE 0k, NPROC 1392, NOFILE 10240, AS infinity, DATA infinity, FSIZE infinity
load average:2.70 2.17 2.01

CPU:total 4 (initial active 4) (2 cores per cpu, 2 threads per core) family 6 model 126 stepping 5, cmov, cx8, fxsr, mmx, sse, sse2, sse3, ssse3, sse4.1, sse4.2, popcnt, avx, avx2, aes, clmul, erms, 3dnowpref, lzcnt, ht, tsc, tscinvbit, bmi1, bmi2, adx, sha, fma

Memory: 4k page, physical 8388608k(303916k free), swap 0k(0k free)

vm_info: Java HotSpot(TM) 64-Bit Server VM (14.0.1+7) for bsd-amd64 JRE (14.0.1+7), built on Mar  5 2020 10:34:17 by "mach5one" with clang 4.2.1 Compatible Apple LLVM 10.0.0 (clang-1000.11.45.5)

END.
